\BOOKMARK [1][-]{section.1}{Introduction}{}% 1
\BOOKMARK [1][-]{section.2}{Rename Refactorings}{}% 2
\BOOKMARK [1][-]{section.3}{Preconditions of Rename Class Refactoring}{}% 3
\BOOKMARK [2][-]{subsection.3.1}{The target class cannot be duplicate with any existing class within same package after rename.}{section.3}% 4
\BOOKMARK [2][-]{subsection.3.2}{The target class cannot be duplicate with any imported class from different package after rename.}{section.3}% 5
\BOOKMARK [2][-]{subsection.3.3}{The target class file name cannot be duplicate with any existing java file name within same package after rename.}{section.3}% 6
\BOOKMARK [1][-]{section.4}{Preconditions of Rename Package Refactoring}{}% 7
\BOOKMARK [1][-]{section.5}{Preconditions of Rename Method Refactoring}{}% 8
\BOOKMARK [2][-]{subsection.5.1}{The target method cannot be duplicate of an existing method after rename. }{section.5}% 9
\BOOKMARK [3][-]{subsubsection.5.1.1}{.}{subsection.5.1}% 10
\BOOKMARK [3][-]{subsubsection.5.1.2}{.}{subsection.5.1}% 11
\BOOKMARK [2][-]{subsection.5.2}{A duplicate method in a child class cannot have different return type.}{section.5}% 12
\BOOKMARK [2][-]{subsection.5.3}{A duplicate method in a child class cannot reduce visibility.}{section.5}% 13
\BOOKMARK [1][-]{section.6}{Preconditions of Rename Local Variable Refactoring}{}% 14
\BOOKMARK [2][-]{subsection.6.1}{The renamed local variable cannot be duplicate with any of the existing local variable in a method.}{section.6}% 15
\BOOKMARK [2][-]{subsection.6.2}{The renamed local variable must not result in variable shadowing.}{section.6}% 16
\BOOKMARK [1][-]{section.7}{Preconditions of Rename Field Refactoring}{}% 17
\BOOKMARK [2][-]{subsection.7.1}{The target name of field cannot be duplicate with any existing field within same class after rename.}{section.7}% 18
\BOOKMARK [2][-]{subsection.7.2}{The target name of field cannot be duplicate with any local variable within same method after rename.}{section.7}% 19
\BOOKMARK [2][-]{subsection.7.3}{The duplicate field variable in a child class cannot reduce visibility.}{section.7}% 20
\BOOKMARK [1][-]{section*.1}{References}{}% 21
